<?xml version="1.0" encoding="UTF-8"?>
<!-- Generated by org.testng.reporters.JUnitReportReporter -->
<testsuite hostname="DESKTOP-J77L1O0" failures="0" tests="1" name="Test.LoginPageTest" time="93.711" errors="0" timestamp="2022-10-28T23:14:10 IST" skipped="0">
  <testcase classname="Test.LoginPageTest" name="ConfigDataTest" time="93.711"/>
  <system-out/>
</testsuite> <!-- Test.LoginPageTest -->
